<?xml version="1.0" encoding="UTF-8"?>
<!-- Generated by org.testng.reporters.JUnitReportReporter -->
<testsuite hostname="AminasSurface" failures="0" tests="1" name="Com.trainingtech.automation.googletesting" time="6.420" errors="0" timestamp="2025-01-25T13:19:26 EST" skipped="0">
  <testcase classname="Com.trainingtech.automation.googletesting" name="f" time="6.420"/>
</testsuite> <!-- Com.trainingtech.automation.googletesting -->
