<?xml version="1.0" encoding="UTF-8"?>
<!-- Generated by org.testng.reporters.JUnitReportReporter -->
<testsuite hostname="AminasSurface" failures="0" tests="2" name="Com.trainingtech.automation.firsttest" time="0.018" errors="0" timestamp="2025-01-19T10:49:28 EST" skipped="0">
  <testcase classname="Com.trainingtech.automation.firsttest" name="f" time="0.013"/>
  <testcase classname="Com.trainingtech.automation.firsttest" name="u" time="0.005"/>
</testsuite> <!-- Com.trainingtech.automation.firsttest -->
