<?xml version="1.0" encoding="UTF-8"?>
<!-- Generated by org.testng.reporters.JUnitReportReporter -->
<testsuite hostname="AminasSurface" failures="0" tests="1" name="Combestbuy.dataprovider_acCreate" time="30.197" errors="0" timestamp="2025-02-15T10:53:12 EST" skipped="0">
  <testcase classname="Combestbuy.dataprovider_acCreate" name="f" time="30.197"/>
</testsuite> <!-- Combestbuy.dataprovider_acCreate -->
