<?xml version="1.0" encoding="UTF-8"?>
<!-- Generated by org.testng.reporters.JUnitReportReporter -->
<testsuite hostname="AminasSurface" failures="0" tests="2" name="Com.trainingtech.automation.school" time="73.856" errors="0" timestamp="2025-01-25T10:23:12 EST" skipped="0">
  <testcase classname="Com.trainingtech.automation.school" name="f" time="69.281"/>
  <testcase classname="Com.trainingtech.automation.school" name="q" time="4.575"/>
</testsuite> <!-- Com.trainingtech.automation.school -->
